<?xml version="1.0" encoding="UTF-8"?>
<!-- Generated by org.testng.reporters.JUnitXMLReporter -->
<testsuite ignored="0" hostname="ADMIN-PC" failures="0" tests="1" name="Test" time="0.069" errors="0" timestamp="2024-06-28T16:44:03 IST">
  <testcase classname="Generic_Utilities.BaseClass" name="@BeforeClass bc" time="0.001">
    <failure type="java.io.FileNotFoundException" message=".\src\test\resources\CommonData10am.properties (The system cannot find the path specified)">
      <![CDATA[java.io.FileNotFoundException: .\src\test\resources\CommonData10am.properties (The system cannot find the path specified)
at java.base/java.io.FileInputStream.open0(Native Method)
at java.base/java.io.FileInputStream.open(FileInputStream.java:216)
at java.base/java.io.FileInputStream.<init>(FileInputStream.java:157)
at java.base/java.io.FileInputStream.<init>(FileInputStream.java:111)
at Generic_Utilities.File_Utility.getKeyAndValueData(File_Utility.java:18)
at Generic_Utilities.BaseClass.bc(BaseClass.java:46)
at java.base/java.util.ArrayList.forEach(ArrayList.java:1511)
... Removed 25 stack frames]]>
    </failure>
  </testcase> <!-- @BeforeClass bc -->
  <testcase classname="Generic_Utilities.BaseClass" name="@BeforeMethod bm" time="-1.719573242911E9">
    <skipped/>
  </testcase> <!-- @BeforeMethod bm -->
  <testcase classname="Generic_Utilities.BaseClass" name="@AfterMethod am" time="-1.719573242919E9">
    <skipped/>
  </testcase> <!-- @AfterMethod am -->
  <testcase classname="Generic_Utilities.BaseClass" name="@AfterClass ac" time="-1.719573242922E9">
    <skipped/>
  </testcase> <!-- @AfterClass ac -->
  <testcase classname="Campaign.CreateCampaignTest" name="createCampaignTest" time="0.0">
    <skipped/>
  </testcase> <!-- createCampaignTest -->
</testsuite> <!-- Test -->
